# JRE version: Java(TM) SE Runtime Environment (8.0_131-b11) (build 1.8.0_131-b11)
# Java VM: Java HotSpot(TM) 64-Bit Server VM (25.131-b11 mixed mode windows-amd64 compressed oops)
Heap:
 PSYoungGen      total 375808K, used 330440K [0x000000076af00000, 0x0000000782380000, 0x00000007c0000000)
  eden space 375296K, 87% used [0x000000076af00000,0x000000077f1722a8,0x0000000781d80000)
  from space 512K, 50% used [0x0000000782300000,0x0000000782340000,0x0000000782380000)
  to   space 1024K, 0% used [0x0000000782180000,0x0000000782180000,0x0000000782280000)
 ParOldGen       total 620544K, used 599980K [0x00000006c0c00000, 0x00000006e6a00000, 0x000000076af00000)
  object space 620544K, 96% used [0x00000006c0c00000,0x00000006e55eb110,0x00000006e6a00000)
 Metaspace       used 6565K, capacity 6700K, committed 6784K, reserved 1056768K
  class space    used 749K, capacity 827K, committed 896K, reserved 1048576K
GC Heap History (10 events):
Event: 10.691 GC heap before
{Heap before GC invocations=15 (full 11):
 PSYoungGen      total 131584K, used 120832K [0x000000076af00000, 0x0000000779200000, 0x00000007c0000000)
  eden space 120832K, 100% used [0x000000076af00000,0x0000000772500000,0x0000000772500000)
  from space 10752K, 0% used [0x0000000772500000,0x0000000772500000,0x0000000772f80000)
  to   space 10752K, 0% used [0x0000000778780000,0x0000000778780000,0x0000000779200000)
 ParOldGen       total 452608K, used 300428K [0x00000006c0c00000, 0x00000006dc600000, 0x000000076af00000)
  object space 452608K, 66% used [0x00000006c0c00000,0x00000006d3163020,0x00000006dc600000)
 Metaspace       used 6542K, capacity 6668K, committed 6784K, reserved 1056768K
  class space    used 746K, capacity 795K, committed 896K, reserved 1048576K
Event: 10.719 GC heap after
Heap after GC invocations=15 (full 11):
 PSYoungGen      total 221696K, used 288K [0x000000076af00000, 0x0000000779e80000, 0x00000007c0000000)
  eden space 210944K, 0% used [0x000000076af00000,0x000000076af00000,0x0000000777d00000)
  from space 10752K, 2% used [0x0000000778780000,0x00000007787c8000,0x0000000779200000)
  to   space 10752K, 0% used [0x0000000777d00000,0x0000000777d00000,0x0000000778780000)
 ParOldGen       total 528384K, used 525081K [0x00000006c0c00000, 0x00000006e1000000, 0x000000076af00000)
  object space 528384K, 99% used [0x00000006c0c00000,0x00000006e0cc6680,0x00000006e1000000)
 Metaspace       used 6542K, capacity 6668K, committed 6784K, reserved 1056768K
  class space    used 746K, capacity 795K, committed 896K, reserved 1048576K
}
Event: 10.719 GC heap before
{Heap before GC invocations=16 (full 12):
 PSYoungGen      total 221696K, used 288K [0x000000076af00000, 0x0000000779e80000, 0x00000007c0000000)
  eden space 210944K, 0% used [0x000000076af00000,0x000000076af00000,0x0000000777d00000)
  from space 10752K, 2% used [0x0000000778780000,0x00000007787c8000,0x0000000779200000)
  to   space 10752K, 0% used [0x0000000777d00000,0x0000000777d00000,0x0000000778780000)
 ParOldGen       total 528384K, used 525081K [0x00000006c0c00000, 0x00000006e1000000, 0x000000076af00000)
  object space 528384K, 99% used [0x00000006c0c00000,0x00000006e0cc6680,0x00000006e1000000)
 Metaspace       used 6542K, capacity 6668K, committed 6784K, reserved 1056768K
  class space    used 746K, capacity 795K, committed 896K, reserved 1048576K
Event: 10.726 GC heap after
Heap after GC invocations=16 (full 12):
 PSYoungGen      total 221696K, used 0K [0x000000076af00000, 0x0000000779e80000, 0x00000007c0000000)
  eden space 210944K, 0% used [0x000000076af00000,0x000000076af00000,0x0000000777d00000)
  from space 10752K, 0% used [0x0000000778780000,0x0000000778780000,0x0000000779200000)
  to   space 10752K, 0% used [0x0000000777d00000,0x0000000777d00000,0x0000000778780000)
 ParOldGen       total 612352K, used 188113K [0x00000006c0c00000, 0x00000006e6200000, 0x000000076af00000)
  object space 612352K, 30% used [0x00000006c0c00000,0x00000006cc3b44d8,0x00000006e6200000)
 Metaspace       used 6542K, capacity 6668K, committed 6784K, reserved 1056768K
  class space    used 746K, capacity 795K, committed 896K, reserved 1048576K
}
Event: 11.300 GC heap before
{Heap before GC invocations=17 (full 12):
 PSYoungGen      total 221696K, used 179396K [0x000000076af00000, 0x0000000779e80000, 0x00000007c0000000)
  eden space 210944K, 85% used [0x000000076af00000,0x0000000775e31158,0x0000000777d00000)
  from space 10752K, 0% used [0x0000000778780000,0x0000000778780000,0x0000000779200000)
  to   space 10752K, 0% used [0x0000000777d00000,0x0000000777d00000,0x0000000778780000)
 ParOldGen       total 612352K, used 188113K [0x00000006c0c00000, 0x00000006e6200000, 0x000000076af00000)
  object space 612352K, 30% used [0x00000006c0c00000,0x00000006cc3b44d8,0x00000006e6200000)
 Metaspace       used 6542K, capacity 6668K, committed 6784K, reserved 1056768K
  class space    used 746K, capacity 795K, committed 896K, reserved 1048576K
Event: 11.302 GC heap after
Heap after GC invocations=17 (full 12):
 PSYoungGen      total 221696K, used 224K [0x000000076af00000, 0x0000000782480000, 0x00000007c0000000)
  eden space 210944K, 0% used [0x000000076af00000,0x000000076af00000,0x0000000777d00000)
  from space 10752K, 2% used [0x0000000777d00000,0x0000000777d38000,0x0000000778780000)
  to   space 1536K, 0% used [0x0000000782300000,0x0000000782300000,0x0000000782480000)
 ParOldGen       total 612352K, used 188113K [0x00000006c0c00000, 0x00000006e6200000, 0x000000076af00000)
  object space 612352K, 30% used [0x00000006c0c00000,0x00000006cc3b44d8,0x00000006e6200000)
 Metaspace       used 6542K, capacity 6668K, committed 6784K, reserved 1056768K
  class space    used 746K, capacity 795K, committed 896K, reserved 1048576K
}
Event: 12.690 GC heap before
{Heap before GC invocations=18 (full 13):
 PSYoungGen      total 221696K, used 211168K [0x000000076af00000, 0x0000000782480000, 0x00000007c0000000)
  eden space 210944K, 100% used [0x000000076af00000,0x0000000777d00000,0x0000000777d00000)
  from space 10752K, 2% used [0x0000000777d00000,0x0000000777d38000,0x0000000778780000)
  to   space 1536K, 0% used [0x0000000782300000,0x0000000782300000,0x0000000782480000)
 ParOldGen       total 612352K, used 487651K [0x00000006c0c00000, 0x00000006e6200000, 0x000000076af00000)
  object space 612352K, 79% used [0x00000006c0c00000,0x00000006de838cf8,0x00000006e6200000)
 Metaspace       used 6544K, capacity 6668K, committed 6784K, reserved 1056768K
  class space    used 746K, capacity 795K, committed 896K, reserved 1048576K
Event: 12.698 GC heap after
Heap after GC invocations=18 (full 13):
 PSYoungGen      total 221696K, used 0K [0x000000076af00000, 0x0000000782480000, 0x00000007c0000000)
  eden space 210944K, 0% used [0x000000076af00000,0x000000076af00000,0x0000000777d00000)
  from space 10752K, 0% used [0x0000000777d00000,0x0000000777d00000,0x0000000778780000)
  to   space 1536K, 0% used [0x0000000782300000,0x0000000782300000,0x0000000782480000)
 ParOldGen       total 620544K, used 188115K [0x00000006c0c00000, 0x00000006e6a00000, 0x000000076af00000)
  object space 620544K, 30% used [0x00000006c0c00000,0x00000006cc3b4dd0,0x00000006e6a00000)
 Metaspace       used 6544K, capacity 6668K, committed 6784K, reserved 1056768K
  class space    used 746K, capacity 795K, committed 896K, reserved 1048576K
}
Event: 13.227 GC heap before
{Heap before GC invocations=19 (full 13):
 PSYoungGen      total 221696K, used 210944K [0x000000076af00000, 0x0000000782480000, 0x00000007c0000000)
  eden space 210944K, 100% used [0x000000076af00000,0x0000000777d00000,0x0000000777d00000)
  from space 10752K, 0% used [0x0000000777d00000,0x0000000777d00000,0x0000000778780000)
  to   space 1536K, 0% used [0x0000000782300000,0x0000000782300000,0x0000000782480000)
 ParOldGen       total 620544K, used 188115K [0x00000006c0c00000, 0x00000006e6a00000, 0x000000076af00000)
  object space 620544K, 30% used [0x00000006c0c00000,0x00000006cc3b4dd0,0x00000006e6a00000)
 Metaspace       used 6544K, capacity 6668K, committed 6784K, reserved 1056768K
  class space    used 746K, capacity 795K, committed 896K, reserved 1048576K
Event: 13.234 GC heap after
Heap after GC invocations=19 (full 13):
 PSYoungGen      total 375808K, used 256K [0x000000076af00000, 0x0000000782380000, 0x00000007c0000000)
  eden space 375296K, 0% used [0x000000076af00000,0x000000076af00000,0x0000000781d80000)
  from space 512K, 50% used [0x0000000782300000,0x0000000782340000,0x0000000782380000)
  to   space 1024K, 0% used [0x0000000782180000,0x0000000782180000,0x0000000782280000)
 ParOldGen       total 620544K, used 300442K [0x00000006c0c00000, 0x00000006e6a00000, 0x000000076af00000)
  object space 620544K, 48% used [0x00000006c0c00000,0x00000006d3166900,0x00000006e6a00000)
 Metaspace       used 6544K, capacity 6668K, committed 6784K, reserved 1056768K
  class space    used 746K, capacity 795K, committed 896K, reserved 1048576K
}

