# JRE version: Java(TM) SE Runtime Environment (8.0_131-b11) (build 1.8.0_131-b11)
# Java VM: Java HotSpot(TM) 64-Bit Server VM (25.131-b11 mixed mode windows-amd64 compressed oops)
Heap:
 PSYoungGen      total 196096K, used 153519K [0x000000076af00000, 0x0000000778a00000, 0x00000007c0000000)
  eden space 185344K, 82% used [0x000000076af00000,0x00000007744ebf40,0x0000000776400000)
  from space 10752K, 0% used [0x0000000776e80000,0x0000000776e80000,0x0000000777900000)
  to   space 10752K, 0% used [0x0000000776400000,0x0000000776400000,0x0000000776e80000)
 ParOldGen       total 446464K, used 150640K [0x00000006c0c00000, 0x00000006dc000000, 0x000000076af00000)
  object space 446464K, 33% used [0x00000006c0c00000,0x00000006c9f1c150,0x00000006dc000000)
 Metaspace       used 6520K, capacity 6668K, committed 6784K, reserved 1056768K
  class space    used 745K, capacity 795K, committed 896K, reserved 1048576K
GC Heap History (10 events):
Event: 2.148 GC heap before
{Heap before GC invocations=5 (full 3):
 PSYoungGen      total 110592K, used 108559K [0x000000076af00000, 0x0000000773a00000, 0x00000007c0000000)
  eden space 110080K, 98% used [0x000000076af00000,0x0000000771903fd0,0x0000000771a80000)
  from space 512K, 0% used [0x0000000773980000,0x0000000773980000,0x0000000773a00000)
  to   space 10752K, 0% used [0x0000000772500000,0x0000000772500000,0x0000000772f80000)
 ParOldGen       total 555008K, used 487707K [0x00000006c0c00000, 0x00000006e2a00000, 0x000000076af00000)
  object space 555008K, 87% used [0x00000006c0c00000,0x00000006de846c78,0x00000006e2a00000)
 Metaspace       used 6518K, capacity 6668K, committed 6784K, reserved 1056768K
  class space    used 745K, capacity 795K, committed 896K, reserved 1048576K
Event: 2.173 GC heap after
Heap after GC invocations=5 (full 3):
 PSYoungGen      total 110592K, used 0K [0x000000076af00000, 0x0000000773a00000, 0x00000007c0000000)
  eden space 110080K, 0% used [0x000000076af00000,0x000000076af00000,0x0000000771a80000)
  from space 512K, 0% used [0x0000000773980000,0x0000000773980000,0x0000000773a00000)
  to   space 10752K, 0% used [0x0000000772500000,0x0000000772500000,0x0000000772f80000)
 ParOldGen       total 382976K, used 150658K [0x00000006c0c00000, 0x00000006d8200000, 0x000000076af00000)
  object space 382976K, 39% used [0x00000006c0c00000,0x00000006c9f208f0,0x00000006d8200000)
 Metaspace       used 6518K, capacity 6668K, committed 6784K, reserved 1056768K
  class space    used 745K, capacity 795K, committed 896K, reserved 1048576K
}
Event: 2.707 GC heap before
{Heap before GC invocations=6 (full 3):
 PSYoungGen      total 110592K, used 77162K [0x000000076af00000, 0x0000000773a00000, 0x00000007c0000000)
  eden space 110080K, 70% used [0x000000076af00000,0x000000076fa5a9a8,0x0000000771a80000)
  from space 512K, 0% used [0x0000000773980000,0x0000000773980000,0x0000000773a00000)
  to   space 10752K, 0% used [0x0000000772500000,0x0000000772500000,0x0000000772f80000)
 ParOldGen       total 382976K, used 300427K [0x00000006c0c00000, 0x00000006d8200000, 0x000000076af00000)
  object space 382976K, 78% used [0x00000006c0c00000,0x00000006d3162d00,0x00000006d8200000)
 Metaspace       used 6518K, capacity 6668K, committed 6784K, reserved 1056768K
  class space    used 745K, capacity 795K, committed 896K, reserved 1048576K
Event: 2.720 GC heap after
Heap after GC invocations=6 (full 3):
 PSYoungGen      total 131584K, used 224K [0x000000076af00000, 0x0000000777900000, 0x00000007c0000000)
  eden space 120832K, 0% used [0x000000076af00000,0x000000076af00000,0x0000000772500000)
  from space 10752K, 2% used [0x0000000772500000,0x0000000772538000,0x0000000772f80000)
  to   space 10752K, 0% used [0x0000000776e80000,0x0000000776e80000,0x0000000777900000)
 ParOldGen       total 420864K, used 412754K [0x00000006c0c00000, 0x00000006da700000, 0x000000076af00000)
  object space 420864K, 98% used [0x00000006c0c00000,0x00000006d9f14830,0x00000006da700000)
 Metaspace       used 6518K, capacity 6668K, committed 6784K, reserved 1056768K
  class space    used 745K, capacity 795K, committed 896K, reserved 1048576K
}
Event: 2.720 GC heap before
{Heap before GC invocations=7 (full 4):
 PSYoungGen      total 131584K, used 224K [0x000000076af00000, 0x0000000777900000, 0x00000007c0000000)
  eden space 120832K, 0% used [0x000000076af00000,0x000000076af00000,0x0000000772500000)
  from space 10752K, 2% used [0x0000000772500000,0x0000000772538000,0x0000000772f80000)
  to   space 10752K, 0% used [0x0000000776e80000,0x0000000776e80000,0x0000000777900000)
 ParOldGen       total 420864K, used 412754K [0x00000006c0c00000, 0x00000006da700000, 0x000000076af00000)
  object space 420864K, 98% used [0x00000006c0c00000,0x00000006d9f14830,0x00000006da700000)
 Metaspace       used 6518K, capacity 6668K, committed 6784K, reserved 1056768K
  class space    used 745K, capacity 795K, committed 896K, reserved 1048576K
Event: 2.724 GC heap after
Heap after GC invocations=7 (full 4):
 PSYoungGen      total 131584K, used 0K [0x000000076af00000, 0x0000000777900000, 0x00000007c0000000)
  eden space 120832K, 0% used [0x000000076af00000,0x000000076af00000,0x0000000772500000)
  from space 10752K, 0% used [0x0000000772500000,0x0000000772500000,0x0000000772f80000)
  to   space 10752K, 0% used [0x0000000776e80000,0x0000000776e80000,0x0000000777900000)
 ParOldGen       total 422400K, used 150654K [0x00000006c0c00000, 0x00000006da880000, 0x000000076af00000)
  object space 422400K, 35% used [0x00000006c0c00000,0x00000006c9f1f918,0x00000006da880000)
 Metaspace       used 6518K, capacity 6668K, committed 6784K, reserved 1056768K
  class space    used 745K, capacity 795K, committed 896K, reserved 1048576K
}
Event: 3.261 GC heap before
{Heap before GC invocations=8 (full 4):
 PSYoungGen      total 131584K, used 76217K [0x000000076af00000, 0x0000000777900000, 0x00000007c0000000)
  eden space 120832K, 63% used [0x000000076af00000,0x000000076f96e668,0x0000000772500000)
  from space 10752K, 0% used [0x0000000772500000,0x0000000772500000,0x0000000772f80000)
  to   space 10752K, 0% used [0x0000000776e80000,0x0000000776e80000,0x0000000777900000)
 ParOldGen       total 422400K, used 300423K [0x00000006c0c00000, 0x00000006da880000, 0x000000076af00000)
  object space 422400K, 71% used [0x00000006c0c00000,0x00000006d3161d28,0x00000006da880000)
 Metaspace       used 6518K, capacity 6668K, committed 6784K, reserved 1056768K
  class space    used 745K, capacity 795K, committed 896K, reserved 1048576K
Event: 3.267 GC heap after
Heap after GC invocations=8 (full 4):
 PSYoungGen      total 196096K, used 256K [0x000000076af00000, 0x0000000778a00000, 0x00000007c0000000)
  eden space 185344K, 0% used [0x000000076af00000,0x000000076af00000,0x0000000776400000)
  from space 10752K, 2% used [0x0000000776e80000,0x0000000776ec0000,0x0000000777900000)
  to   space 10752K, 0% used [0x0000000776400000,0x0000000776400000,0x0000000776e80000)
 ParOldGen       total 422400K, used 412750K [0x00000006c0c00000, 0x00000006da880000, 0x000000076af00000)
  object space 422400K, 97% used [0x00000006c0c00000,0x00000006d9f13858,0x00000006da880000)
 Metaspace       used 6518K, capacity 6668K, committed 6784K, reserved 1056768K
  class space    used 745K, capacity 795K, committed 896K, reserved 1048576K
}
Event: 3.267 GC heap before
{Heap before GC invocations=9 (full 5):
 PSYoungGen      total 196096K, used 256K [0x000000076af00000, 0x0000000778a00000, 0x00000007c0000000)
  eden space 185344K, 0% used [0x000000076af00000,0x000000076af00000,0x0000000776400000)
  from space 10752K, 2% used [0x0000000776e80000,0x0000000776ec0000,0x0000000777900000)
  to   space 10752K, 0% used [0x0000000776400000,0x0000000776400000,0x0000000776e80000)
 ParOldGen       total 422400K, used 412750K [0x00000006c0c00000, 0x00000006da880000, 0x000000076af00000)
  object space 422400K, 97% used [0x00000006c0c00000,0x00000006d9f13858,0x00000006da880000)
 Metaspace       used 6518K, capacity 6668K, committed 6784K, reserved 1056768K
  class space    used 745K, capacity 795K, committed 896K, reserved 1048576K
Event: 3.272 GC heap after
Heap after GC invocations=9 (full 5):
 PSYoungGen      total 196096K, used 0K [0x000000076af00000, 0x0000000778a00000, 0x00000007c0000000)
  eden space 185344K, 0% used [0x000000076af00000,0x000000076af00000,0x0000000776400000)
  from space 10752K, 0% used [0x0000000776e80000,0x0000000776e80000,0x0000000777900000)
  to   space 10752K, 0% used [0x0000000776400000,0x0000000776400000,0x0000000776e80000)
 ParOldGen       total 446464K, used 150640K [0x00000006c0c00000, 0x00000006dc000000, 0x000000076af00000)
  object space 446464K, 33% used [0x00000006c0c00000,0x00000006c9f1c150,0x00000006dc000000)
 Metaspace       used 6518K, capacity 6668K, committed 6784K, reserved 1056768K
  class space    used 745K, capacity 795K, committed 896K, reserved 1048576K
}

