# JRE version: Java(TM) SE Runtime Environment (8.0_131-b11) (build 1.8.0_131-b11)
# Java VM: Java HotSpot(TM) 64-Bit Server VM (25.131-b11 mixed mode windows-amd64 compressed oops)
Heap:
 PSYoungGen      total 206848K, used 145790K [0x000000076af00000, 0x0000000778f00000, 0x00000007c0000000)
  eden space 196096K, 74% used [0x000000076af00000,0x0000000773d5f870,0x0000000776e80000)
  from space 10752K, 0% used [0x0000000777900000,0x0000000777900000,0x0000000778380000)
  to   space 10752K, 0% used [0x0000000776e80000,0x0000000776e80000,0x0000000777900000)
 ParOldGen       total 977408K, used 844639K [0x00000006c0c00000, 0x00000006fc680000, 0x000000076af00000)
  object space 977408K, 86% used [0x00000006c0c00000,0x00000006f44d7e98,0x00000006fc680000)
 Metaspace       used 6559K, capacity 6700K, committed 6784K, reserved 1056768K
  class space    used 748K, capacity 827K, committed 896K, reserved 1048576K
GC Heap History (10 events):
Event: 4.644 GC heap before
{Heap before GC invocations=7 (full 5):
 PSYoungGen      total 111616K, used 102000K [0x000000076af00000, 0x0000000773a00000, 0x00000007c0000000)
  eden space 111104K, 91% used [0x000000076af00000,0x000000077129c3f0,0x0000000771b80000)
  from space 512K, 0% used [0x0000000773980000,0x0000000773980000,0x0000000773a00000)
  to   space 10752K, 0% used [0x0000000772500000,0x0000000772500000,0x0000000772f80000)
 ParOldGen       total 554496K, used 457932K [0x00000006c0c00000, 0x00000006e2980000, 0x000000076af00000)
  object space 554496K, 82% used [0x00000006c0c00000,0x00000006dcb33130,0x00000006e2980000)
 Metaspace       used 6525K, capacity 6668K, committed 6784K, reserved 1056768K
  class space    used 746K, capacity 795K, committed 896K, reserved 1048576K
Event: 4.656 GC heap after
Heap after GC invocations=7 (full 5):
 PSYoungGen      total 111616K, used 0K [0x000000076af00000, 0x0000000773a00000, 0x00000007c0000000)
  eden space 111104K, 0% used [0x000000076af00000,0x000000076af00000,0x0000000771b80000)
  from space 512K, 0% used [0x0000000773980000,0x0000000773980000,0x0000000773a00000)
  to   space 10752K, 0% used [0x0000000772500000,0x0000000772500000,0x0000000772f80000)
 ParOldGen       total 388096K, used 141514K [0x00000006c0c00000, 0x00000006d8700000, 0x000000076af00000)
  object space 388096K, 36% used [0x00000006c0c00000,0x00000006c9632a58,0x00000006d8700000)
 Metaspace       used 6525K, capacity 6668K, committed 6784K, reserved 1056768K
  class space    used 746K, capacity 795K, committed 896K, reserved 1048576K
}
Event: 5.365 GC heap before
{Heap before GC invocations=8 (full 5):
 PSYoungGen      total 111616K, used 111104K [0x000000076af00000, 0x0000000773a00000, 0x00000007c0000000)
  eden space 111104K, 100% used [0x000000076af00000,0x0000000771b80000,0x0000000771b80000)
  from space 512K, 0% used [0x0000000773980000,0x0000000773980000,0x0000000773a00000)
  to   space 10752K, 0% used [0x0000000772500000,0x0000000772500000,0x0000000772f80000)
 ParOldGen       total 388096K, used 282139K [0x00000006c0c00000, 0x00000006d8700000, 0x000000076af00000)
  object space 388096K, 72% used [0x00000006c0c00000,0x00000006d1f86e68,0x00000006d8700000)
 Metaspace       used 6525K, capacity 6668K, committed 6784K, reserved 1056768K
  class space    used 746K, capacity 795K, committed 896K, reserved 1048576K
Event: 5.400 GC heap after
Heap after GC invocations=8 (full 5):
 PSYoungGen      total 131584K, used 288K [0x000000076af00000, 0x0000000778380000, 0x00000007c0000000)
  eden space 120832K, 0% used [0x000000076af00000,0x000000076af00000,0x0000000772500000)
  from space 10752K, 2% used [0x0000000772500000,0x0000000772548000,0x0000000772f80000)
  to   space 10752K, 0% used [0x0000000777900000,0x0000000777900000,0x0000000778380000)
 ParOldGen       total 494080K, used 493077K [0x00000006c0c00000, 0x00000006dee80000, 0x000000076af00000)
  object space 494080K, 99% used [0x00000006c0c00000,0x00000006ded854c8,0x00000006dee80000)
 Metaspace       used 6525K, capacity 6668K, committed 6784K, reserved 1056768K
  class space    used 746K, capacity 795K, committed 896K, reserved 1048576K
}
Event: 5.400 GC heap before
{Heap before GC invocations=9 (full 6):
 PSYoungGen      total 131584K, used 288K [0x000000076af00000, 0x0000000778380000, 0x00000007c0000000)
  eden space 120832K, 0% used [0x000000076af00000,0x000000076af00000,0x0000000772500000)
  from space 10752K, 2% used [0x0000000772500000,0x0000000772548000,0x0000000772f80000)
  to   space 10752K, 0% used [0x0000000777900000,0x0000000777900000,0x0000000778380000)
 ParOldGen       total 494080K, used 493077K [0x00000006c0c00000, 0x00000006dee80000, 0x000000076af00000)
  object space 494080K, 99% used [0x00000006c0c00000,0x00000006ded854c8,0x00000006dee80000)
 Metaspace       used 6525K, capacity 6668K, committed 6784K, reserved 1056768K
  class space    used 746K, capacity 795K, committed 896K, reserved 1048576K
Event: 5.407 GC heap after
Heap after GC invocations=9 (full 6):
 PSYoungGen      total 131584K, used 0K [0x000000076af00000, 0x0000000778380000, 0x00000007c0000000)
  eden space 120832K, 0% used [0x000000076af00000,0x000000076af00000,0x0000000772500000)
  from space 10752K, 0% used [0x0000000772500000,0x0000000772500000,0x0000000772f80000)
  to   space 10752K, 0% used [0x0000000777900000,0x0000000777900000,0x0000000778380000)
 ParOldGen       total 558592K, used 176682K [0x00000006c0c00000, 0x00000006e2d80000, 0x000000076af00000)
  object space 558592K, 31% used [0x00000006c0c00000,0x00000006cb88a9a0,0x00000006e2d80000)
 Metaspace       used 6525K, capacity 6668K, committed 6784K, reserved 1056768K
  class space    used 746K, capacity 795K, committed 896K, reserved 1048576K
}
Event: 6.685 GC heap before
{Heap before GC invocations=10 (full 6):
 PSYoungGen      total 131584K, used 100659K [0x000000076af00000, 0x0000000778380000, 0x00000007c0000000)
  eden space 120832K, 83% used [0x000000076af00000,0x000000077114cc30,0x0000000772500000)
  from space 10752K, 0% used [0x0000000772500000,0x0000000772500000,0x0000000772f80000)
  to   space 10752K, 0% used [0x0000000777900000,0x0000000777900000,0x0000000778380000)
 ParOldGen       total 558592K, used 457932K [0x00000006c0c00000, 0x00000006e2d80000, 0x000000076af00000)
  object space 558592K, 81% used [0x00000006c0c00000,0x00000006dcb331c0,0x00000006e2d80000)
 Metaspace       used 6537K, capacity 6668K, committed 6784K, reserved 1056768K
  class space    used 746K, capacity 795K, committed 896K, reserved 1048576K
Event: 6.687 GC heap after
Heap after GC invocations=10 (full 6):
 PSYoungGen      total 206848K, used 224K [0x000000076af00000, 0x0000000778f00000, 0x00000007c0000000)
  eden space 196096K, 0% used [0x000000076af00000,0x000000076af00000,0x0000000776e80000)
  from space 10752K, 2% used [0x0000000777900000,0x0000000777938000,0x0000000778380000)
  to   space 10752K, 0% used [0x0000000776e80000,0x0000000776e80000,0x0000000777900000)
 ParOldGen       total 558592K, used 457932K [0x00000006c0c00000, 0x00000006e2d80000, 0x000000076af00000)
  object space 558592K, 81% used [0x00000006c0c00000,0x00000006dcb331c0,0x00000006e2d80000)
 Metaspace       used 6537K, capacity 6668K, committed 6784K, reserved 1056768K
  class space    used 746K, capacity 795K, committed 896K, reserved 1048576K
}
Event: 6.687 GC heap before
{Heap before GC invocations=11 (full 7):
 PSYoungGen      total 206848K, used 224K [0x000000076af00000, 0x0000000778f00000, 0x00000007c0000000)
  eden space 196096K, 0% used [0x000000076af00000,0x000000076af00000,0x0000000776e80000)
  from space 10752K, 2% used [0x0000000777900000,0x0000000777938000,0x0000000778380000)
  to   space 10752K, 0% used [0x0000000776e80000,0x0000000776e80000,0x0000000777900000)
 ParOldGen       total 558592K, used 457932K [0x00000006c0c00000, 0x00000006e2d80000, 0x000000076af00000)
  object space 558592K, 81% used [0x00000006c0c00000,0x00000006dcb331c0,0x00000006e2d80000)
 Metaspace       used 6537K, capacity 6668K, committed 6784K, reserved 1056768K
  class space    used 746K, capacity 795K, committed 896K, reserved 1048576K
Event: 6.692 GC heap after
Heap after GC invocations=11 (full 7):
 PSYoungGen      total 206848K, used 0K [0x000000076af00000, 0x0000000778f00000, 0x00000007c0000000)
  eden space 196096K, 0% used [0x000000076af00000,0x000000076af00000,0x0000000776e80000)
  from space 10752K, 0% used [0x0000000777900000,0x0000000777900000,0x0000000778380000)
  to   space 10752K, 0% used [0x0000000776e80000,0x0000000776e80000,0x0000000777900000)
 ParOldGen       total 555008K, used 141514K [0x00000006c0c00000, 0x00000006e2a00000, 0x000000076af00000)
  object space 555008K, 25% used [0x00000006c0c00000,0x00000006c9632a58,0x00000006e2a00000)
 Metaspace       used 6537K, capacity 6668K, committed 6784K, reserved 1056768K
  class space    used 746K, capacity 795K, committed 896K, reserved 1048576K
}

